<?xml version="1.0" encoding="UTF-8"?>
<testng-results ignored="0" total="1" passed="1" failed="0" skipped="0">
  <reporter-output>
  </reporter-output>
  <suite started-at="2020-11-11T21:15:41 CST" name="Default suite" finished-at="2020-11-11T21:15:49 CST" duration-ms="8130">
    <groups>
    </groups>
    <test started-at="2020-11-11T21:15:41 CST" name="Default test" finished-at="2020-11-11T21:15:49 CST" duration-ms="8130">
      <class name="com.qa.testcases.WikiPage">
        <test-method signature="createAcount()[pri:0, instance:com.qa.testcases.WikiPage@4fe767f3]" started-at="2020-11-11T21:15:41 CST" name="createAcount" finished-at="2020-11-11T21:15:49 CST" duration-ms="8085" status="PASS">
          <reporter-output>
          </reporter-output>
        </test-method> <!-- createAcount -->
      </class> <!-- com.qa.testcases.WikiPage -->
    </test> <!-- Default test -->
  </suite> <!-- Default suite -->
</testng-results>
